# JRE version: OpenJDK Runtime Environment (17.0.6) (build 17.0.6+0-b2043.56-10027231)
# Java VM: OpenJDK 64-Bit Server VM (17.0.6+0-b2043.56-10027231, mixed mode, tiered, compressed oops, compressed class ptrs, g1 gc, windows-amd64)
GC Precious Log:
 CPUs: 4 total, 4 available
 Memory: 8030M
 Large Page Support: Disabled
 NUMA Support: Disabled
 Compressed Oops: Enabled (32-bit)
 Heap Region Size: 1M
 Heap Min Capacity: 8M
 Heap Initial Capacity: 126M
 Heap Max Capacity: 2G
 Pre-touch: Disabled
 Parallel Workers: 4
 Concurrent Workers: 1
 Concurrent Refinement Workers: 4
 Periodic GC: Disabled
Heap:
 garbage-first heap   total 237568K, used 131104K [0x0000000080000000, 0x0000000100000000)
  region size 1024K, 2 young (2048K), 2 survivors (2048K)
 Metaspace       used 133146K, committed 133888K, reserved 1171456K
  class space    used 17111K, committed 17408K, reserved 1048576K
GC Heap History (20 events):
Event: 36.330 GC heap after
{Heap after GC invocations=46 (full 0):
 garbage-first heap   total 215040K, used 112987K [0x0000000080000000, 0x0000000100000000)
  region size 1024K, 7 young (7168K), 7 survivors (7168K)
 Metaspace       used 107213K, committed 107840K, reserved 1146880K
  class space    used 13775K, committed 14080K, reserved 1048576K
}
Event: 36.452 GC heap before
{Heap before GC invocations=46 (full 0):
 garbage-first heap   total 215040K, used 115035K [0x0000000080000000, 0x0000000100000000)
  region size 1024K, 10 young (10240K), 7 survivors (7168K)
 Metaspace       used 107730K, committed 108416K, reserved 1146880K
  class space    used 13831K, committed 14144K, reserved 1048576K
}
Event: 36.463 GC heap after
{Heap after GC invocations=47 (full 0):
 garbage-first heap   total 215040K, used 112718K [0x0000000080000000, 0x0000000100000000)
  region size 1024K, 2 young (2048K), 2 survivors (2048K)
 Metaspace       used 107730K, committed 108416K, reserved 1146880K
  class space    used 13831K, committed 14144K, reserved 1048576K
}
Event: 37.368 GC heap before
{Heap before GC invocations=47 (full 0):
 garbage-first heap   total 215040K, used 138318K [0x0000000080000000, 0x0000000100000000)
  region size 1024K, 29 young (29696K), 2 survivors (2048K)
 Metaspace       used 108918K, committed 109504K, reserved 1146880K
  class space    used 13999K, committed 14272K, reserved 1048576K
}
Event: 37.377 GC heap after
{Heap after GC invocations=48 (full 0):
 garbage-first heap   total 215040K, used 115156K [0x0000000080000000, 0x0000000100000000)
  region size 1024K, 4 young (4096K), 4 survivors (4096K)
 Metaspace       used 108918K, committed 109504K, reserved 1146880K
  class space    used 13999K, committed 14272K, reserved 1048576K
}
Event: 38.609 GC heap before
{Heap before GC invocations=49 (full 0):
 garbage-first heap   total 232448K, used 179668K [0x0000000080000000, 0x0000000100000000)
  region size 1024K, 66 young (67584K), 4 survivors (4096K)
 Metaspace       used 109834K, committed 110464K, reserved 1146880K
  class space    used 14064K, committed 14336K, reserved 1048576K
}
Event: 38.626 GC heap after
{Heap after GC invocations=50 (full 0):
 garbage-first heap   total 232448K, used 120029K [0x0000000080000000, 0x0000000100000000)
  region size 1024K, 9 young (9216K), 9 survivors (9216K)
 Metaspace       used 109834K, committed 110464K, reserved 1146880K
  class space    used 14064K, committed 14336K, reserved 1048576K
}
Event: 41.565 GC heap before
{Heap before GC invocations=50 (full 0):
 garbage-first heap   total 232448K, used 190685K [0x0000000080000000, 0x0000000100000000)
  region size 1024K, 79 young (80896K), 9 survivors (9216K)
 Metaspace       used 115696K, committed 116352K, reserved 1155072K
  class space    used 14946K, committed 15232K, reserved 1048576K
}
Event: 41.576 GC heap after
{Heap after GC invocations=51 (full 0):
 garbage-first heap   total 232448K, used 116986K [0x0000000080000000, 0x0000000100000000)
  region size 1024K, 5 young (5120K), 5 survivors (5120K)
 Metaspace       used 115696K, committed 116352K, reserved 1155072K
  class space    used 14946K, committed 15232K, reserved 1048576K
}
Event: 43.857 GC heap before
{Heap before GC invocations=52 (full 0):
 garbage-first heap   total 232448K, used 196858K [0x0000000080000000, 0x0000000100000000)
  region size 1024K, 79 young (80896K), 5 survivors (5120K)
 Metaspace       used 123725K, committed 124480K, reserved 1163264K
  class space    used 15977K, committed 16320K, reserved 1048576K
}
Event: 43.872 GC heap after
{Heap after GC invocations=53 (full 0):
 garbage-first heap   total 232448K, used 125927K [0x0000000080000000, 0x0000000100000000)
  region size 1024K, 10 young (10240K), 10 survivors (10240K)
 Metaspace       used 123725K, committed 124480K, reserved 1163264K
  class space    used 15977K, committed 16320K, reserved 1048576K
}
Event: 43.911 GC heap before
{Heap before GC invocations=53 (full 0):
 garbage-first heap   total 232448K, used 126951K [0x0000000080000000, 0x0000000100000000)
  region size 1024K, 11 young (11264K), 10 survivors (10240K)
 Metaspace       used 123867K, committed 124608K, reserved 1163264K
  class space    used 15998K, committed 16320K, reserved 1048576K
}
Event: 43.925 GC heap after
{Heap after GC invocations=54 (full 0):
 garbage-first heap   total 232448K, used 127058K [0x0000000080000000, 0x0000000100000000)
  region size 1024K, 1 young (1024K), 1 survivors (1024K)
 Metaspace       used 123867K, committed 124608K, reserved 1163264K
  class space    used 15998K, committed 16320K, reserved 1048576K
}
Event: 44.314 GC heap before
{Heap before GC invocations=54 (full 0):
 garbage-first heap   total 232448K, used 137298K [0x0000000080000000, 0x0000000100000000)
  region size 1024K, 12 young (12288K), 1 survivors (1024K)
 Metaspace       used 125905K, committed 126656K, reserved 1163264K
  class space    used 16252K, committed 16576K, reserved 1048576K
}
Event: 44.318 GC heap after
{Heap after GC invocations=55 (full 0):
 garbage-first heap   total 232448K, used 127697K [0x0000000080000000, 0x0000000100000000)
  region size 1024K, 2 young (2048K), 2 survivors (2048K)
 Metaspace       used 125905K, committed 126656K, reserved 1163264K
  class space    used 16252K, committed 16576K, reserved 1048576K
}
Event: 46.306 GC heap before
{Heap before GC invocations=56 (full 0):
 garbage-first heap   total 237568K, used 199377K [0x0000000080000000, 0x0000000100000000)
  region size 1024K, 65 young (66560K), 2 survivors (2048K)
 Metaspace       used 130917K, committed 131648K, reserved 1171456K
  class space    used 16913K, committed 17216K, reserved 1048576K
}
Event: 46.319 GC heap after
{Heap after GC invocations=57 (full 0):
 garbage-first heap   total 237568K, used 132493K [0x0000000080000000, 0x0000000100000000)
  region size 1024K, 7 young (7168K), 7 survivors (7168K)
 Metaspace       used 130917K, committed 131648K, reserved 1171456K
  class space    used 16913K, committed 17216K, reserved 1048576K
}
Event: 46.452 GC heap before
{Heap before GC invocations=57 (full 0):
 garbage-first heap   total 237568K, used 136589K [0x0000000080000000, 0x0000000100000000)
  region size 1024K, 11 young (11264K), 7 survivors (7168K)
 Metaspace       used 131735K, committed 132480K, reserved 1171456K
  class space    used 16993K, committed 17344K, reserved 1048576K
}
Event: 46.461 GC heap after
{Heap after GC invocations=58 (full 0):
 garbage-first heap   total 237568K, used 130697K [0x0000000080000000, 0x0000000100000000)
  region size 1024K, 1 young (1024K), 1 survivors (1024K)
 Metaspace       used 131735K, committed 132480K, reserved 1171456K
  class space    used 16993K, committed 17344K, reserved 1048576K
}
Event: 49.367 GC heap before
{Heap before GC invocations=58 (full 0):
 garbage-first heap   total 237568K, used 194185K [0x0000000080000000, 0x0000000100000000)
  region size 1024K, 64 young (65536K), 1 survivors (1024K)
 Metaspace       used 133146K, committed 133888K, reserved 1171456K
  class space    used 17111K, committed 17408K, reserved 1048576K
}

